\BOOKMARK [0][-]{chapter.1}{\376\377\000I\000n\000t\000r\000o\000d\000u\000c\000t\000i\000o\000n\000\040\000t\000o\000\040\000t\000h\000e\000\040\000S\000o\000f\000t\000w\000a\000r\000e}{}% 1
\BOOKMARK [1][-]{section.1.1}{\376\377\000W\000h\000a\000t\000\040\000i\000s\000\040\000T\000i\000n\000k\000e\000r\000?}{chapter.1}% 2
\BOOKMARK [1][-]{section.1.2}{\376\377\000F\000e\000a\000t\000u\000r\000e\000s\000\040\000a\000n\000d\000\040\000C\000a\000p\000a\000b\000i\000l\000i\000t\000i\000e\000s}{chapter.1}% 3
\BOOKMARK [1][-]{section.1.3}{\376\377\000C\000o\000n\000t\000a\000c\000t\000\040\000I\000n\000f\000o\000r\000m\000a\000t\000i\000o\000n}{chapter.1}% 4
\BOOKMARK [0][-]{chapter.2}{\376\377\000I\000n\000s\000t\000a\000l\000l\000a\000t\000i\000o\000n\000\040\000o\000n\000\040\000Y\000o\000u\000r\000\040\000C\000o\000m\000p\000u\000t\000e\000r}{}% 5
\BOOKMARK [1][-]{section.2.1}{\376\377\000H\000o\000w\000\040\000t\000o\000\040\000O\000b\000t\000a\000i\000n\000\040\000a\000\040\000C\000o\000p\000y\000\040\000o\000f\000\040\000T\000i\000n\000k\000e\000r}{chapter.2}% 6
\BOOKMARK [1][-]{section.2.2}{\376\377\000P\000r\000e\000b\000u\000i\000l\000t\000\040\000T\000i\000n\000k\000e\000r\000\040\000E\000x\000e\000c\000u\000t\000a\000b\000l\000e\000s}{chapter.2}% 7
\BOOKMARK [1][-]{section.2.3}{\376\377\000B\000u\000i\000l\000d\000i\000n\000g\000\040\000y\000o\000u\000r\000\040\000O\000w\000n\000\040\000E\000x\000e\000c\000u\000t\000a\000b\000l\000e\000s}{chapter.2}% 8
\BOOKMARK [1][-]{section.2.4}{\376\377\000T\000i\000n\000k\000e\000r\000-\000F\000F\000E\000\040\000\050\000F\000o\000r\000c\000e\000\040\000F\000i\000e\000l\000d\000\040\000E\000x\000p\000l\000o\000r\000e\000r\000\051}{chapter.2}% 9
\BOOKMARK [1][-]{section.2.5}{\376\377\000D\000o\000c\000u\000m\000e\000n\000t\000a\000t\000i\000o\000n\000\040\000a\000n\000d\000\040\000O\000t\000h\000e\000r\000\040\000I\000n\000f\000o\000r\000m\000a\000t\000i\000o\000n}{chapter.2}% 10
\BOOKMARK [1][-]{section.2.6}{\376\377\000W\000h\000e\000r\000e\000\040\000t\000o\000\040\000D\000i\000r\000e\000c\000t\000\040\000Q\000u\000e\000s\000t\000i\000o\000n\000s\000\040\000a\000n\000d\000\040\000C\000o\000m\000m\000e\000n\000t\000s}{chapter.2}% 11
\BOOKMARK [0][-]{chapter.3}{\376\377\000T\000y\000p\000e\000s\000\040\000o\000f\000\040\000I\000n\000p\000u\000t\000\040\000\046\000\040\000O\000u\000t\000p\000u\000t\000\040\000F\000i\000l\000e\000s}{}% 12
\BOOKMARK [0][-]{chapter.4}{\376\377\000P\000o\000t\000e\000n\000t\000i\000a\000l\000\040\000E\000n\000e\000r\000g\000y\000\040\000P\000r\000o\000g\000r\000a\000m\000s}{}% 13
\BOOKMARK [0][-]{chapter.5}{\376\377\000A\000n\000a\000l\000y\000s\000i\000s\000\040\000\046\000\040\000U\000t\000i\000l\000i\000t\000y\000\040\000P\000r\000o\000g\000r\000a\000m\000s\000\040\000\046\000\040\000S\000c\000r\000i\000p\000t\000s}{}% 14
\BOOKMARK [0][-]{chapter.6}{\376\377\000F\000o\000r\000c\000e\000\040\000F\000i\000e\000l\000d\000\040\000P\000a\000r\000a\000m\000e\000t\000e\000r\000\040\000S\000e\000t\000s}{}% 15
\BOOKMARK [0][-]{chapter.7}{\376\377\000S\000p\000e\000c\000i\000a\000l\000\040\000F\000e\000a\000t\000u\000r\000e\000s\000\040\000\046\000\040\000M\000e\000t\000h\000o\000d\000s}{}% 16
\BOOKMARK [1][-]{section.7.1}{\376\377\000F\000i\000l\000e\000\040\000V\000e\000r\000s\000i\000o\000n\000\040\000N\000u\000m\000b\000e\000r\000s}{chapter.7}% 17
\BOOKMARK [1][-]{section.7.2}{\376\377\000C\000o\000m\000m\000a\000n\000d\000\040\000L\000i\000n\000e\000\040\000O\000p\000t\000i\000o\000n\000s}{chapter.7}% 18
\BOOKMARK [1][-]{section.7.3}{\376\377\000U\000s\000e\000\040\000o\000n\000\040\000W\000i\000n\000d\000o\000w\000s\000\040\000S\000y\000s\000t\000e\000m\000s}{chapter.7}% 19
\BOOKMARK [1][-]{section.7.4}{\376\377\000U\000s\000e\000\040\000o\000n\000\040\000M\000a\000c\000O\000S\000\040\000S\000y\000s\000t\000e\000m\000s}{chapter.7}% 20
\BOOKMARK [1][-]{section.7.5}{\376\377\000A\000t\000o\000m\000\040\000T\000y\000p\000e\000s\000\040\000v\000s\000.\000\040\000A\000t\000o\000m\000\040\000C\000l\000a\000s\000s\000e\000s}{chapter.7}% 21
\BOOKMARK [1][-]{section.7.6}{\376\377\000C\000a\000l\000c\000u\000l\000a\000t\000i\000o\000n\000s\000\040\000o\000n\000\040\000P\000a\000r\000t\000i\000a\000l\000\040\000S\000t\000r\000u\000c\000t\000u\000r\000e\000s}{chapter.7}% 22
\BOOKMARK [1][-]{section.7.7}{\376\377\000M\000e\000t\000a\000l\000\040\000C\000o\000m\000p\000l\000e\000x\000e\000s\000\040\000a\000n\000d\000\040\000H\000y\000p\000e\000r\000v\000a\000l\000e\000n\000t\000\040\000S\000p\000e\000c\000i\000e\000s}{chapter.7}% 23
\BOOKMARK [1][-]{section.7.8}{\376\377\000N\000e\000i\000g\000h\000b\000o\000r\000\040\000M\000e\000t\000h\000o\000d\000s\000\040\000f\000o\000r\000\040\000N\000o\000n\000b\000o\000n\000d\000e\000d\000\040\000T\000e\000r\000m\000s}{chapter.7}% 24
\BOOKMARK [1][-]{section.7.9}{\376\377\000P\000e\000r\000i\000o\000d\000i\000c\000\040\000B\000o\000u\000n\000d\000a\000r\000y\000\040\000C\000o\000n\000d\000i\000t\000i\000o\000n\000s}{chapter.7}% 25
\BOOKMARK [1][-]{section.7.10}{\376\377\000D\000i\000s\000t\000a\000n\000c\000e\000\040\000C\000u\000t\000o\000f\000f\000s\000\040\000f\000o\000r\000\040\000E\000n\000e\000r\000g\000y\000\040\000F\000u\000n\000c\000t\000i\000o\000n\000s}{chapter.7}% 26
\BOOKMARK [1][-]{section.7.11}{\376\377\000E\000w\000a\000l\000d\000\040\000S\000u\000m\000m\000a\000t\000i\000o\000n\000s\000\040\000M\000e\000t\000h\000o\000d\000s}{chapter.7}% 27
\BOOKMARK [1][-]{section.7.12}{\376\377\000C\000o\000n\000t\000i\000n\000u\000u\000m\000\040\000S\000o\000l\000v\000a\000t\000i\000o\000n\000\040\000M\000o\000d\000e\000l\000s}{chapter.7}% 28
\BOOKMARK [1][-]{section.7.13}{\376\377\000P\000o\000l\000a\000r\000i\000z\000a\000b\000l\000e\000\040\000M\000u\000l\000t\000i\000p\000o\000l\000e\000\040\000E\000l\000e\000c\000t\000r\000o\000s\000t\000a\000t\000i\000c\000s}{chapter.7}% 29
\BOOKMARK [1][-]{section.7.14}{\376\377\000P\000o\000t\000e\000n\000t\000i\000a\000l\000\040\000E\000n\000e\000r\000g\000y\000\040\000S\000m\000o\000o\000t\000h\000i\000n\000g}{chapter.7}% 30
\BOOKMARK [1][-]{section.7.15}{\376\377\000D\000i\000s\000t\000a\000n\000c\000e\000\040\000G\000e\000o\000m\000e\000t\000r\000y\000\040\000M\000e\000t\000r\000i\000z\000a\000t\000i\000o\000n}{chapter.7}% 31
\BOOKMARK [0][-]{chapter.8}{\376\377\000U\000s\000e\000\040\000o\000f\000\040\000t\000h\000e\000\040\000K\000e\000y\000w\000o\000r\000d\000\040\000C\000o\000n\000t\000r\000o\000l\000\040\000F\000i\000l\000e}{}% 32
\BOOKMARK [1][-]{section.8.1}{\376\377\000U\000s\000i\000n\000g\000\040\000K\000e\000y\000w\000o\000r\000d\000s\000\040\000t\000o\000\040\000C\000o\000n\000t\000r\000o\000l\000\040\000T\000i\000n\000k\000e\000r\000\040\000C\000a\000l\000c\000u\000l\000a\000t\000i\000o\000n\000s}{chapter.8}% 33
\BOOKMARK [1][-]{section.8.2}{\376\377\000K\000e\000y\000w\000o\000r\000d\000s\000\040\000G\000r\000o\000u\000p\000e\000d\000\040\000b\000y\000\040\000F\000u\000n\000c\000t\000i\000o\000n\000a\000l\000i\000t\000y}{chapter.8}% 34
\BOOKMARK [2][-]{subsection.8.2.1}{\376\377\000C\000O\000M\000P\000U\000T\000E\000R\000\040\000C\000O\000N\000T\000R\000O\000L\000\040\000K\000E\000Y\000W\000O\000R\000D\000S}{section.8.2}% 35
\BOOKMARK [2][-]{subsection.8.2.2}{\376\377\000O\000U\000T\000P\000U\000T\000\040\000C\000O\000N\000T\000R\000O\000L\000\040\000K\000E\000Y\000W\000O\000R\000D\000S}{section.8.2}% 36
\BOOKMARK [2][-]{subsection.8.2.3}{\376\377\000F\000O\000R\000C\000E\000\040\000F\000I\000E\000L\000D\000\040\000S\000E\000L\000E\000C\000T\000I\000O\000N\000\040\000K\000E\000Y\000W\000O\000R\000D\000S}{section.8.2}% 37
\BOOKMARK [2][-]{subsection.8.2.4}{\376\377\000P\000O\000T\000E\000N\000T\000I\000A\000L\000\040\000F\000U\000N\000C\000T\000I\000O\000N\000\040\000S\000E\000L\000E\000C\000T\000I\000O\000N\000\040\000K\000E\000Y\000W\000O\000R\000D\000S}{section.8.2}% 38
\BOOKMARK [2][-]{subsection.8.2.5}{\376\377\000P\000O\000T\000E\000N\000T\000I\000A\000L\000\040\000F\000U\000N\000C\000T\000I\000O\000N\000\040\000E\000N\000E\000R\000G\000Y\000\040\000U\000N\000I\000T\000\040\000K\000E\000Y\000W\000O\000R\000D\000S}{section.8.2}% 39
\BOOKMARK [2][-]{subsection.8.2.6}{\376\377\000P\000O\000T\000E\000N\000T\000I\000A\000L\000\040\000F\000U\000N\000C\000T\000I\000O\000N\000\040\000P\000A\000R\000A\000M\000E\000T\000E\000R\000\040\000K\000E\000Y\000W\000O\000R\000D\000S}{section.8.2}% 40
\BOOKMARK [2][-]{subsection.8.2.7}{\376\377\000V\000A\000L\000E\000N\000C\000E\000\040\000G\000E\000O\000M\000E\000T\000R\000Y\000\040\000P\000O\000T\000E\000N\000T\000I\000A\000L\000\040\000K\000E\000Y\000W\000O\000R\000D\000S}{section.8.2}% 41
\BOOKMARK [2][-]{subsection.8.2.8}{\376\377\000V\000D\000W\000\040\000A\000N\000D\000\040\000R\000E\000P\000U\000L\000S\000I\000O\000N\000-\000D\000I\000S\000P\000E\000R\000S\000I\000O\000N\000\040\000P\000O\000T\000E\000N\000T\000I\000A\000L\000\040\000K\000E\000Y\000W\000O\000R\000D\000S}{section.8.2}% 42
\BOOKMARK [2][-]{subsection.8.2.9}{\376\377\000E\000L\000E\000C\000T\000R\000O\000S\000T\000A\000T\000I\000C\000S\000\040\000P\000O\000T\000E\000N\000T\000I\000A\000L\000\040\000K\000E\000Y\000W\000O\000R\000D\000S}{section.8.2}% 43
\BOOKMARK [2][-]{subsection.8.2.10}{\376\377\000N\000O\000N\000B\000O\000N\000D\000E\000D\000\040\000C\000U\000T\000O\000F\000F\000\040\000K\000E\000Y\000W\000O\000R\000D\000S}{section.8.2}% 44
\BOOKMARK [2][-]{subsection.8.2.11}{\376\377\000C\000O\000N\000S\000T\000R\000A\000I\000N\000T\000\040\000A\000N\000D\000\040\000R\000E\000S\000T\000R\000A\000I\000N\000T\000\040\000K\000E\000Y\000W\000O\000R\000D\000S}{section.8.2}% 45
\BOOKMARK [2][-]{subsection.8.2.12}{\376\377\000P\000A\000R\000T\000I\000A\000L\000\040\000S\000T\000R\000U\000C\000T\000U\000R\000E\000\040\000K\000E\000Y\000W\000O\000R\000D\000S}{section.8.2}% 46
\BOOKMARK [2][-]{subsection.8.2.13}{\376\377\000N\000E\000I\000G\000H\000B\000O\000R\000\040\000L\000I\000S\000T\000\040\000K\000E\000Y\000W\000O\000R\000D\000S}{section.8.2}% 47
\BOOKMARK [2][-]{subsection.8.2.14}{\376\377\000E\000W\000A\000L\000D\000\040\000S\000U\000M\000M\000A\000T\000I\000O\000N\000\040\000K\000E\000Y\000W\000O\000R\000D\000S}{section.8.2}% 48
\BOOKMARK [2][-]{subsection.8.2.15}{\376\377\000C\000R\000Y\000S\000T\000A\000L\000\040\000L\000A\000T\000T\000I\000C\000E\000\040\000A\000N\000D\000\040\000P\000E\000R\000I\000O\000D\000I\000C\000\040\000B\000O\000U\000N\000D\000A\000R\000Y\000\040\000K\000E\000Y\000W\000O\000R\000D\000S}{section.8.2}% 49
\BOOKMARK [2][-]{subsection.8.2.16}{\376\377\000M\000A\000T\000H\000E\000M\000A\000T\000I\000C\000A\000L\000\040\000M\000E\000T\000H\000O\000D\000S\000\040\000K\000E\000Y\000W\000O\000R\000D\000S}{section.8.2}% 50
\BOOKMARK [2][-]{subsection.8.2.17}{\376\377\000O\000P\000T\000I\000M\000I\000Z\000A\000T\000I\000O\000N\000\040\000K\000E\000Y\000W\000O\000R\000D\000S}{section.8.2}% 51
\BOOKMARK [2][-]{subsection.8.2.18}{\376\377\000M\000O\000L\000E\000C\000U\000L\000A\000R\000\040\000A\000N\000D\000\040\000S\000T\000O\000C\000H\000A\000S\000T\000I\000C\000\040\000D\000Y\000N\000A\000M\000I\000C\000S\000\040\000K\000E\000Y\000W\000O\000R\000D\000S}{section.8.2}% 52
\BOOKMARK [2][-]{subsection.8.2.19}{\376\377\000T\000H\000E\000R\000M\000O\000S\000T\000A\000T\000\040\000A\000N\000D\000\040\000B\000A\000R\000O\000S\000T\000A\000T\000\040\000K\000E\000Y\000W\000O\000R\000D\000S}{section.8.2}% 53
\BOOKMARK [2][-]{subsection.8.2.20}{\376\377\000S\000U\000R\000F\000A\000C\000E\000\040\000A\000R\000E\000A\000\040\000A\000N\000D\000\040\000V\000O\000L\000U\000M\000E\000\040\000K\000E\000Y\000W\000O\000R\000D\000S}{section.8.2}% 54
\BOOKMARK [2][-]{subsection.8.2.21}{\376\377\000I\000M\000P\000L\000I\000C\000I\000T\000\040\000S\000O\000L\000V\000A\000T\000I\000O\000N\000\040\000K\000E\000Y\000W\000O\000R\000D\000S}{section.8.2}% 55
\BOOKMARK [2][-]{subsection.8.2.22}{\376\377\000P\000O\000I\000S\000S\000O\000N\000-\000B\000O\000L\000T\000Z\000M\000A\000N\000N\000\040\000K\000E\000Y\000W\000O\000R\000D\000S}{section.8.2}% 56
\BOOKMARK [2][-]{subsection.8.2.23}{\376\377\000T\000R\000A\000N\000S\000I\000T\000I\000O\000N\000\040\000S\000T\000A\000T\000E\000\040\000K\000E\000Y\000W\000O\000R\000D\000S}{section.8.2}% 57
\BOOKMARK [2][-]{subsection.8.2.24}{\376\377\000D\000I\000S\000T\000A\000N\000C\000E\000\040\000G\000E\000O\000M\000E\000T\000R\000Y\000\040\000K\000E\000Y\000W\000O\000R\000D\000S}{section.8.2}% 58
\BOOKMARK [2][-]{subsection.8.2.25}{\376\377\000V\000I\000B\000R\000A\000T\000I\000O\000N\000A\000L\000\040\000A\000N\000A\000L\000Y\000S\000I\000S\000\040\000K\000E\000Y\000W\000O\000R\000D\000S}{section.8.2}% 59
\BOOKMARK [2][-]{subsection.8.2.26}{\376\377\000F\000R\000E\000E\000\040\000E\000N\000E\000R\000G\000Y\000\040\000P\000E\000R\000T\000U\000R\000B\000A\000T\000I\000O\000N\000\040\000K\000E\000Y\000W\000O\000R\000D\000S}{section.8.2}% 60
\BOOKMARK [2][-]{subsection.8.2.27}{\376\377\000P\000O\000T\000E\000N\000T\000I\000A\000L\000\040\000S\000M\000O\000O\000T\000H\000I\000N\000G\000\040\000K\000E\000Y\000W\000O\000R\000D\000S}{section.8.2}% 61
\BOOKMARK [2][-]{subsection.8.2.28}{\376\377\000V\000A\000L\000E\000N\000C\000E\000\040\000P\000A\000R\000A\000M\000E\000T\000E\000R\000\040\000F\000I\000T\000T\000I\000N\000G\000\040\000K\000E\000Y\000W\000O\000R\000D\000S}{section.8.2}% 62
\BOOKMARK [2][-]{subsection.8.2.29}{\376\377\000E\000L\000E\000C\000T\000R\000O\000S\000T\000A\000T\000I\000C\000\040\000P\000O\000T\000E\000N\000T\000I\000A\000L\000\040\000F\000I\000T\000T\000I\000N\000G\000\040\000K\000E\000Y\000W\000O\000R\000D\000S}{section.8.2}% 63
\BOOKMARK [1][-]{section.8.3}{\376\377\000D\000e\000s\000c\000r\000i\000p\000t\000i\000o\000n\000\040\000o\000f\000\040\000I\000n\000d\000i\000v\000i\000d\000u\000a\000l\000\040\000K\000e\000y\000w\000o\000r\000d\000s}{chapter.8}% 64
\BOOKMARK [0][-]{chapter.9}{\376\377\000R\000o\000u\000t\000i\000n\000e\000s\000\040\000\046\000\040\000F\000u\000n\000c\000t\000i\000o\000n\000s}{}% 65
\BOOKMARK [0][-]{chapter.10}{\376\377\000M\000o\000d\000u\000l\000e\000s\000\040\000\046\000\040\000G\000l\000o\000b\000a\000l\000\040\000V\000a\000r\000i\000a\000b\000l\000e\000s}{}% 66
\BOOKMARK [0][-]{chapter.11}{\376\377\000T\000e\000s\000t\000\040\000C\000a\000s\000e\000s\000\040\000\046\000\040\000E\000x\000a\000m\000p\000l\000e\000s}{}% 67
\BOOKMARK [0][-]{chapter.12}{\376\377\000B\000e\000n\000c\000h\000m\000a\000r\000k\000\040\000R\000e\000s\000u\000l\000t\000s}{}% 68
\BOOKMARK [1][-]{section.12.1}{\376\377\000C\000a\000l\000m\000o\000d\000u\000l\000i\000n\000\040\000E\000n\000e\000r\000g\000y\000\040\000E\000v\000a\000l\000u\000a\000t\000i\000o\000n\000\040\000\050\000S\000e\000r\000i\000a\000l\000\051}{chapter.12}% 69
\BOOKMARK [1][-]{section.12.2}{\376\377\000C\000r\000a\000m\000b\000i\000n\000\040\000C\000r\000y\000s\000t\000a\000l\000\040\000E\000n\000e\000r\000g\000y\000\040\000E\000v\000a\000l\000u\000a\000t\000i\000o\000n\000\040\000\050\000S\000e\000r\000i\000a\000l\000\051}{chapter.12}% 70
\BOOKMARK [1][-]{section.12.3}{\376\377\000C\000r\000a\000m\000b\000i\000n\000\040\000N\000o\000r\000m\000a\000l\000\040\000M\000o\000d\000e\000\040\000C\000a\000l\000c\000u\000l\000a\000t\000i\000o\000n\000\040\000\050\000S\000e\000r\000i\000a\000l\000\051}{chapter.12}% 71
\BOOKMARK [1][-]{section.12.4}{\376\377\000W\000a\000t\000e\000r\000\040\000B\000o\000x\000\040\000M\000o\000l\000e\000c\000u\000l\000a\000r\000\040\000D\000y\000n\000a\000m\000i\000c\000s\000\040\000u\000s\000i\000n\000g\000\040\000T\000I\000P\0003\000P\000\040\000\050\000S\000e\000r\000i\000a\000l\000\051}{chapter.12}% 72
\BOOKMARK [1][-]{section.12.5}{\376\377\000W\000a\000t\000e\000r\000\040\000B\000o\000x\000\040\000M\000o\000l\000e\000c\000u\000l\000a\000r\000\040\000D\000y\000n\000a\000m\000i\000c\000s\000\040\000u\000s\000i\000n\000g\000\040\000A\000M\000O\000E\000B\000A\000\040\000\050\000S\000e\000r\000i\000a\000l\000\051}{chapter.12}% 73
\BOOKMARK [1][-]{section.12.6}{\376\377\000M\000D\000\040\000o\000n\000\040\000D\000H\000F\000R\000\040\000i\000n\000\040\000W\000a\000t\000e\000r\000\040\000u\000s\000i\000n\000g\000\040\000C\000H\000A\000R\000M\000M\000\040\000\050\000O\000p\000e\000n\000M\000P\000\040\000P\000a\000r\000a\000l\000l\000e\000l\000\051}{chapter.12}% 74
\BOOKMARK [1][-]{section.12.7}{\376\377\000M\000D\000\040\000o\000n\000\040\000D\000H\000F\000R\000\040\000i\000n\000\040\000W\000a\000t\000e\000r\000\040\000u\000s\000i\000n\000g\000\040\000A\000M\000O\000E\000B\000A\000\040\000\050\000O\000p\000e\000n\000M\000P\000\040\000P\000a\000r\000a\000l\000l\000e\000l\000\051}{chapter.12}% 75
\BOOKMARK [1][-]{section.12.8}{\376\377\000M\000D\000\040\000o\000n\000\040\000C\000O\000X\000-\0002\000\040\000i\000n\000\040\000W\000a\000t\000e\000r\000\040\000u\000s\000i\000n\000g\000\040\000O\000P\000L\000S\000-\000A\000A\000\040\000\050\000O\000p\000e\000n\000M\000P\000\040\000P\000a\000r\000a\000l\000l\000e\000l\000\051}{chapter.12}% 76
\BOOKMARK [1][-]{section.12.9}{\376\377\000M\000D\000\040\000o\000n\000\040\000C\000O\000X\000-\0002\000\040\000i\000n\000\040\000W\000a\000t\000e\000r\000\040\000u\000s\000i\000n\000g\000\040\000A\000M\000O\000E\000B\000A\000\040\000\050\000O\000p\000e\000n\000M\000P\000\040\000P\000a\000r\000a\000l\000l\000e\000l\000\051}{chapter.12}% 77
\BOOKMARK [0][-]{chapter.13}{\376\377\000A\000c\000k\000n\000o\000w\000l\000e\000d\000g\000m\000e\000n\000t\000s}{}% 78
\BOOKMARK [0][-]{chapter.14}{\376\377\000R\000e\000f\000e\000r\000e\000n\000c\000e\000s}{}% 79
\BOOKMARK [1][-]{section.14.1}{\376\377\000M\000o\000l\000e\000c\000u\000l\000a\000r\000\040\000M\000e\000c\000h\000a\000n\000i\000c\000s\000\040\000\046\000\040\000D\000y\000n\000a\000m\000i\000c\000s\000\040\000S\000o\000f\000t\000w\000a\000r\000e\000\040\000P\000a\000c\000k\000a\000g\000e\000s}{chapter.14}% 80
\BOOKMARK [2][-]{subsection.14.1.1}{\376\377\000T\000i\000n\000k\000e\000r\000\040\000S\000o\000f\000t\000w\000a\000r\000e\000\040\000T\000o\000o\000l\000s}{section.14.1}% 81
\BOOKMARK [2][-]{subsection.14.1.2}{\376\377\000A\000l\000t\000e\000r\000n\000a\000t\000i\000v\000e\000\040\000M\000o\000l\000e\000c\000u\000l\000a\000r\000\040\000M\000o\000d\000e\000l\000i\000n\000g\000\040\000S\000o\000f\000t\000w\000a\000r\000e}{section.14.1}% 82
\BOOKMARK [1][-]{section.14.2}{\376\377\000L\000i\000t\000e\000r\000a\000t\000u\000r\000e\000\040\000R\000e\000f\000e\000r\000e\000n\000c\000e\000s\000\040\000b\000y\000\040\000T\000o\000p\000i\000c}{chapter.14}% 83
\BOOKMARK [2][-]{subsection.14.2.1}{\376\377\000M\000o\000l\000e\000c\000u\000l\000a\000r\000\040\000M\000e\000c\000h\000a\000n\000i\000c\000s\000\040\000M\000e\000t\000h\000o\000d\000o\000l\000o\000g\000y}{section.14.2}% 84
\BOOKMARK [2][-]{subsection.14.2.2}{\376\377\000I\000n\000t\000e\000r\000m\000o\000l\000e\000c\000u\000l\000a\000r\000\040\000I\000n\000t\000e\000r\000a\000c\000t\000i\000o\000n\000s}{section.14.2}% 85
\BOOKMARK [2][-]{subsection.14.2.3}{\376\377\000C\000o\000m\000p\000u\000t\000e\000r\000\040\000S\000i\000m\000u\000l\000a\000t\000i\000o\000n\000\040\000M\000e\000t\000h\000o\000d\000o\000l\000o\000g\000y}{section.14.2}% 86
\BOOKMARK [2][-]{subsection.14.2.4}{\376\377\000M\000o\000d\000e\000l\000i\000n\000g\000\040\000o\000f\000\040\000B\000i\000o\000l\000o\000g\000i\000c\000a\000l\000\040\000M\000a\000c\000r\000o\000m\000o\000l\000e\000c\000u\000l\000e\000s}{section.14.2}% 87
\BOOKMARK [2][-]{subsection.14.2.5}{\376\377\000N\000o\000n\000l\000i\000n\000e\000a\000r\000\040\000O\000p\000t\000i\000m\000i\000z\000a\000t\000i\000o\000n\000\040\000A\000l\000g\000o\000r\000i\000t\000h\000m\000s}{section.14.2}% 88
\BOOKMARK [2][-]{subsection.14.2.6}{\376\377\000T\000r\000u\000n\000c\000a\000t\000e\000d\000\040\000N\000e\000w\000t\000o\000n\000\040\000O\000p\000t\000i\000m\000i\000z\000a\000t\000i\000o\000n}{section.14.2}% 89
\BOOKMARK [2][-]{subsection.14.2.7}{\376\377\000P\000o\000t\000e\000n\000t\000i\000a\000l\000\040\000E\000n\000e\000r\000g\000y\000\040\000S\000m\000o\000o\000t\000h\000i\000n\000g}{section.14.2}% 90
\BOOKMARK [2][-]{subsection.14.2.8}{\376\377\040\034\000S\000n\000i\000f\000f\000e\000r\040\035\000\040\000G\000l\000o\000b\000a\000l\000\040\000O\000p\000t\000i\000m\000i\000z\000a\000t\000i\000o\000n}{section.14.2}% 91
\BOOKMARK [2][-]{subsection.14.2.9}{\376\377\000I\000n\000t\000e\000g\000r\000a\000t\000i\000o\000n\000\040\000M\000e\000t\000h\000o\000d\000s\000\040\000f\000o\000r\000\040\000M\000o\000l\000e\000c\000u\000l\000a\000r\000\040\000D\000y\000n\000a\000m\000i\000c\000s}{section.14.2}% 92
\BOOKMARK [2][-]{subsection.14.2.10}{\376\377\000C\000o\000n\000s\000t\000r\000a\000i\000n\000t\000\040\000D\000y\000n\000a\000m\000i\000c\000s}{section.14.2}% 93
\BOOKMARK [2][-]{subsection.14.2.11}{\376\377\000L\000a\000n\000g\000e\000v\000i\000n\000,\000\040\000B\000r\000o\000w\000n\000i\000a\000n\000\040\000a\000n\000d\000\040\000S\000t\000o\000c\000h\000a\000s\000t\000i\000c\000\040\000D\000y\000n\000a\000m\000i\000c\000s}{section.14.2}% 94
\BOOKMARK [2][-]{subsection.14.2.12}{\376\377\000C\000o\000n\000s\000t\000a\000n\000t\000\040\000T\000e\000m\000p\000e\000r\000a\000t\000u\000r\000e\000\040\000a\000n\000d\000\040\000P\000r\000e\000s\000s\000u\000r\000e\000\040\000D\000y\000n\000a\000m\000i\000c\000s}{section.14.2}% 95
\BOOKMARK [2][-]{subsection.14.2.13}{\376\377\000O\000u\000t\000-\000o\000f\000-\000P\000l\000a\000n\000e\000\040\000D\000e\000f\000o\000r\000m\000a\000t\000i\000o\000n\000\040\000T\000e\000r\000m\000s}{section.14.2}% 96
\BOOKMARK [2][-]{subsection.14.2.14}{\376\377\000G\000e\000o\000m\000e\000t\000r\000y\000-\000D\000e\000p\000e\000n\000d\000e\000n\000t\000\040\000C\000h\000a\000r\000g\000e\000\040\000F\000l\000u\000x\000\040\000T\000e\000r\000m\000s}{section.14.2}% 97
\BOOKMARK [2][-]{subsection.14.2.15}{\376\377\000A\000n\000a\000l\000y\000t\000i\000c\000a\000l\000\040\000D\000e\000r\000i\000v\000a\000t\000i\000v\000e\000s\000\040\000o\000f\000\040\000P\000o\000t\000e\000n\000t\000i\000a\000l\000\040\000F\000u\000n\000c\000t\000i\000o\000n\000s}{section.14.2}% 98
\BOOKMARK [2][-]{subsection.14.2.16}{\376\377\000T\000o\000r\000s\000i\000o\000n\000a\000l\000\040\000S\000p\000a\000c\000e\000\040\000D\000e\000r\000i\000v\000a\000t\000i\000v\000e\000s\000\040\000a\000n\000d\000\040\000N\000o\000r\000m\000a\000l\000\040\000M\000o\000d\000e\000s}{section.14.2}% 99
\BOOKMARK [2][-]{subsection.14.2.17}{\376\377\000A\000n\000a\000l\000y\000t\000i\000c\000a\000l\000\040\000S\000u\000r\000f\000a\000c\000e\000\040\000A\000r\000e\000a\000\040\000a\000n\000d\000\040\000V\000o\000l\000u\000m\000e}{section.14.2}% 100
\BOOKMARK [2][-]{subsection.14.2.18}{\376\377\000A\000p\000p\000r\000o\000x\000i\000m\000a\000t\000e\000\040\000S\000u\000r\000f\000a\000c\000e\000\040\000A\000r\000e\000a\000\040\000a\000n\000d\000\040\000V\000o\000l\000u\000m\000e}{section.14.2}% 101
\BOOKMARK [2][-]{subsection.14.2.19}{\376\377\000B\000o\000u\000n\000d\000a\000r\000y\000\040\000C\000o\000n\000d\000i\000t\000i\000o\000n\000s\000\040\000a\000n\000d\000\040\000N\000e\000i\000g\000h\000b\000o\000r\000\040\000M\000e\000t\000h\000o\000d\000s}{section.14.2}% 102
\BOOKMARK [2][-]{subsection.14.2.20}{\376\377\000C\000u\000t\000o\000f\000f\000\040\000a\000n\000d\000\040\000T\000r\000u\000n\000c\000a\000t\000i\000o\000n\000\040\000M\000e\000t\000h\000o\000d\000s}{section.14.2}% 103
\BOOKMARK [2][-]{subsection.14.2.21}{\376\377\000E\000w\000a\000l\000d\000\040\000S\000u\000m\000m\000a\000t\000i\000o\000n\000\040\000T\000e\000c\000h\000n\000i\000q\000u\000e\000s}{section.14.2}% 104
\BOOKMARK [2][-]{subsection.14.2.22}{\376\377\000C\000o\000n\000j\000u\000g\000a\000t\000e\000d\000\040\000a\000n\000d\000\040\000A\000r\000o\000m\000a\000t\000i\000c\000\040\000S\000y\000s\000t\000e\000m\000s}{section.14.2}% 105
\BOOKMARK [2][-]{subsection.14.2.23}{\376\377\000F\000r\000e\000e\000\040\000E\000n\000e\000r\000g\000y\000\040\000S\000i\000m\000u\000l\000a\000t\000i\000o\000n\000\040\000M\000e\000t\000h\000o\000d\000s}{section.14.2}% 106
\BOOKMARK [2][-]{subsection.14.2.24}{\376\377\000M\000e\000t\000h\000o\000d\000s\000\040\000f\000o\000r\000\040\000P\000a\000r\000a\000m\000e\000t\000e\000r\000\040\000D\000e\000t\000e\000r\000m\000i\000n\000a\000t\000i\000o\000n}{section.14.2}% 107
\BOOKMARK [2][-]{subsection.14.2.25}{\376\377\000E\000l\000e\000c\000t\000r\000o\000s\000t\000a\000t\000i\000c\000\040\000I\000n\000t\000e\000r\000a\000c\000t\000i\000o\000n\000s}{section.14.2}% 108
\BOOKMARK [2][-]{subsection.14.2.26}{\376\377\000P\000o\000l\000a\000r\000i\000z\000a\000t\000i\000o\000n\000\040\000E\000f\000f\000e\000c\000t\000s}{section.14.2}% 109
\BOOKMARK [2][-]{subsection.14.2.27}{\376\377\000M\000a\000c\000r\000o\000s\000c\000o\000p\000i\000c\000\040\000T\000r\000e\000a\000t\000m\000e\000n\000t\000\040\000o\000f\000\040\000S\000o\000l\000v\000e\000n\000t}{section.14.2}% 110
\BOOKMARK [2][-]{subsection.14.2.28}{\376\377\000S\000u\000r\000f\000a\000c\000e\000\040\000A\000r\000e\000a\000-\000B\000a\000s\000e\000d\000\040\000S\000o\000l\000v\000a\000t\000i\000o\000n\000\040\000M\000o\000d\000e\000l\000s}{section.14.2}% 111
\BOOKMARK [2][-]{subsection.14.2.29}{\376\377\000G\000e\000n\000e\000r\000a\000l\000i\000z\000e\000d\000\040\000B\000o\000r\000n\000\040\000S\000o\000l\000v\000a\000t\000i\000o\000n\000\040\000M\000o\000d\000e\000l\000s}{section.14.2}% 112
\BOOKMARK [2][-]{subsection.14.2.30}{\376\377\000S\000u\000p\000e\000r\000p\000o\000s\000i\000t\000i\000o\000n\000\040\000o\000f\000\040\000C\000o\000o\000r\000d\000i\000n\000a\000t\000e\000\040\000S\000e\000t\000s}{section.14.2}% 113
\BOOKMARK [2][-]{subsection.14.2.31}{\376\377\000L\000o\000c\000a\000t\000i\000o\000n\000\040\000o\000f\000\040\000T\000r\000a\000n\000s\000i\000t\000i\000o\000n\000\040\000S\000t\000a\000t\000e\000s}{section.14.2}% 114
\BOOKMARK [0][-]{section*.445}{\376\377\000I\000n\000d\000e\000x}{}% 115
