\BOOKMARK [0][-]{chapter.1}{\376\377\000I\000n\000t\000r\000o\000d\000u\000c\000t\000i\000o\000n}{}% 1
\BOOKMARK [1][-]{section.1.1}{\376\377\000W\000h\000a\000t\000\040\000i\000s\000\040\000F\000o\000r\000c\000e\000\040\000F\000i\000e\000l\000d\000\040\000E\000x\000p\000l\000o\000r\000e\000r\000?}{chapter.1}% 2
\BOOKMARK [1][-]{section.1.2}{\376\377\000C\000u\000r\000r\000e\000n\000t\000\040\000R\000e\000l\000e\000a\000s\000e}{chapter.1}% 3
\BOOKMARK [1][-]{section.1.3}{\376\377\000F\000u\000t\000u\000r\000e\000\040\000P\000l\000a\000n\000s}{chapter.1}% 4
\BOOKMARK [0][-]{chapter.2}{\376\377\000I\000n\000s\000t\000a\000l\000l\000a\000t\000i\000o\000n}{}% 5
\BOOKMARK [1][-]{section.2.1}{\376\377\000U\000s\000e\000\040\000o\000f\000\040\000S\000e\000l\000f\000-\000E\000x\000t\000r\000a\000c\000t\000i\000n\000g\000\040\000K\000i\000t\000s}{chapter.2}% 6
\BOOKMARK [1][-]{section.2.2}{\376\377\000B\000u\000i\000l\000d\000i\000n\000g\000\040\000F\000F\000E\000\040\000f\000r\000o\000m\000\040\000S\000o\000u\000r\000c\000e}{chapter.2}% 7
\BOOKMARK [0][-]{chapter.3}{\376\377\000D\000e\000s\000c\000r\000i\000p\000t\000i\000o\000n\000\040\000o\000f\000\040\000F\000F\000E\000\040\000C\000o\000m\000p\000o\000n\000e\000n\000t\000s}{}% 8
\BOOKMARK [1][-]{section.3.1}{\376\377\000M\000o\000l\000e\000c\000u\000l\000a\000r\000\040\000T\000r\000e\000e}{chapter.3}% 9
\BOOKMARK [1][-]{section.3.2}{\376\377\0003\000D\000\040\000G\000r\000a\000p\000h\000i\000c\000s\000\040\000a\000n\000d\000\040\000G\000l\000o\000b\000a\000l\000\040\000A\000x\000i\000s}{chapter.3}% 10
\BOOKMARK [1][-]{section.3.3}{\376\377\000K\000e\000y\000w\000o\000r\000d\000\040\000E\000d\000i\000t\000o\000r}{chapter.3}% 11
\BOOKMARK [1][-]{section.3.4}{\376\377\000M\000o\000d\000e\000l\000i\000n\000g\000\040\000C\000o\000m\000m\000a\000n\000d\000s}{chapter.3}% 12
\BOOKMARK [1][-]{section.3.5}{\376\377\000A\000c\000t\000i\000v\000i\000t\000y\000\040\000L\000o\000g\000s}{chapter.3}% 13
\BOOKMARK [0][-]{chapter.4}{\376\377\000D\000e\000s\000c\000r\000i\000p\000t\000i\000o\000n\000\040\000o\000f\000\040\000F\000F\000E\000\040\000M\000e\000n\000u\000s}{}% 14
\BOOKMARK [1][-]{section.4.1}{\376\377\000F\000i\000l\000e\000\040\000M\000e\000n\000u}{chapter.4}% 15
\BOOKMARK [1][-]{section.4.2}{\376\377\000S\000e\000l\000e\000c\000t\000i\000o\000n\000\040\000M\000e\000n\000u}{chapter.4}% 16
\BOOKMARK [1][-]{section.4.3}{\376\377\000D\000i\000s\000p\000l\000a\000y\000\040\000M\000e\000n\000u}{chapter.4}% 17
\BOOKMARK [1][-]{section.4.4}{\376\377\000C\000o\000l\000o\000r\000\040\000M\000e\000n\000u}{chapter.4}% 18
\BOOKMARK [1][-]{section.4.5}{\376\377\000O\000p\000t\000i\000o\000n\000s\000\040\000M\000e\000n\000u}{chapter.4}% 19
\BOOKMARK [1][-]{section.4.6}{\376\377\000P\000i\000c\000k\000i\000n\000g\000\040\000M\000e\000n\000u}{chapter.4}% 20
\BOOKMARK [1][-]{section.4.7}{\376\377\000T\000r\000a\000j\000e\000c\000t\000o\000r\000y\000\040\000M\000e\000n\000u}{chapter.4}% 21
\BOOKMARK [1][-]{section.4.8}{\376\377\000S\000i\000m\000u\000l\000a\000t\000i\000o\000n\000\040\000M\000e\000n\000u}{chapter.4}% 22
\BOOKMARK [1][-]{section.4.9}{\376\377\000E\000x\000p\000o\000r\000t\000\040\000M\000e\000n\000u}{chapter.4}% 23
\BOOKMARK [1][-]{section.4.10}{\376\377\000H\000e\000l\000p\000\040\000M\000e\000n\000u}{chapter.4}% 24
\BOOKMARK [0][-]{chapter.5}{\376\377\000A\000c\000k\000n\000o\000w\000l\000e\000d\000g\000m\000e\000n\000t\000s}{}% 25
\BOOKMARK [1][-]{section.5.1}{\376\377\000C\000o\000n\000t\000r\000i\000b\000u\000t\000o\000r\000s}{chapter.5}% 26
\BOOKMARK [1][-]{section.5.2}{\376\377\000R\000e\000p\000o\000r\000t\000i\000n\000g\000\040\000B\000u\000g\000s}{chapter.5}% 27
